current directory: /var/www/furima-39097/shared/bundle/ruby/2.6.0/gems/bootsnap-1.16.0/ext/bootsnap
/home/ec2-user/.rbenv/versions/2.6.5/bin/ruby -I /home/ec2-user/.rbenv/versions/2.6.5/lib/ruby/2.6.0 -r ./siteconf20230414-27562-t94698.rb extconf.rb
creating Makefile

current directory: /var/www/furima-39097/shared/bundle/ruby/2.6.0/gems/bootsnap-1.16.0/ext/bootsnap
make "DESTDIR=" clean

current directory: /var/www/furima-39097/shared/bundle/ruby/2.6.0/gems/bootsnap-1.16.0/ext/bootsnap
make "DESTDIR="
compiling bootsnap.c
bootsnap.c: In function ‘bs_rb_fetch’:
bootsnap.c:323:3: warning: ISO C90 forbids mixed declarations and code [-Wdeclaration-after-statement]
   char * cachedir = RSTRING_PTR(cachedir_v);
   ^~~~
bootsnap.c: In function ‘bs_rb_precompile’:
bootsnap.c:350:3: warning: ISO C90 forbids mixed declarations and code [-Wdeclaration-after-statement]
   char * cachedir = RSTRING_PTR(cachedir_v);
   ^~~~
bootsnap.c: At top level:
cc1: warning: unrecognized command line option ‘-Wno-self-assign’
cc1: warning: unrecognized command line option ‘-Wno-parentheses-equality’
cc1: warning: unrecognized command line option ‘-Wno-constant-logical-operand’
cc1: warning: unrecognized command line option ‘-Wno-cast-function-type’
linking shared-object bootsnap/bootsnap.so

current directory: /var/www/furima-39097/shared/bundle/ruby/2.6.0/gems/bootsnap-1.16.0/ext/bootsnap
make "DESTDIR=" install
/usr/bin/install -c -m 0755 bootsnap.so ./.gem.20230414-27562-1g5scc4/bootsnap
