current directory: /var/www/furima-39097/shared/bundle/ruby/2.6.0/gems/unf_ext-0.0.8.2/ext/unf_ext
/home/ec2-user/.rbenv/versions/2.6.5/bin/ruby -I /home/ec2-user/.rbenv/versions/2.6.5/lib/ruby/2.6.0 -r ./siteconf20230414-27562-c0gdv9.rb extconf.rb
checking for -lstdc++... yes
creating Makefile

current directory: /var/www/furima-39097/shared/bundle/ruby/2.6.0/gems/unf_ext-0.0.8.2/ext/unf_ext
make "DESTDIR=" clean

current directory: /var/www/furima-39097/shared/bundle/ruby/2.6.0/gems/unf_ext-0.0.8.2/ext/unf_ext
make "DESTDIR="
compiling unf.cc
cc1plus: warning: command line option ‘-Wdeclaration-after-statement’ is valid for C/ObjC but not for C++
cc1plus: warning: command line option ‘-Wimplicit-function-declaration’ is valid for C/ObjC but not for C++
cc1plus: warning: command line option ‘-Wimplicit-int’ is valid for C/ObjC but not for C++
cc1plus: warning: unrecognized command line option ‘-Wno-self-assign’
cc1plus: warning: unrecognized command line option ‘-Wno-parentheses-equality’
cc1plus: warning: unrecognized command line option ‘-Wno-constant-logical-operand’
cc1plus: warning: unrecognized command line option ‘-Wno-cast-function-type’
linking shared-object unf_ext.so

current directory: /var/www/furima-39097/shared/bundle/ruby/2.6.0/gems/unf_ext-0.0.8.2/ext/unf_ext
make "DESTDIR=" install
/usr/bin/install -c -m 0755 unf_ext.so ./.gem.20230414-27562-1cpj1q7
